TpTrace Verbose: 0 : 37572, 1, 2023/11/15, 12:10:17.776, 22662627197291, datacollector.dll, Version: 17.6.0-release-20230405-08
TpTrace Information: 0 : 37572, 1, 2023/11/15, 12:10:17.784, 22662627276071, datacollector.dll, DataCollectorMain.Run: Starting data collector run with args: --port,61402,--parentprocessid,9364,--diag,C:\Users\33651\Desktop\.NET projects\BrowseClimateTestProject\bin\Debug\net6.0\fine-code-coverage\coverage-tool-output\diagnostics.datacollector.23-11-15_12-10-17_50642_5.log,--tracelevel,4
TpTrace Information: 0 : 37572, 1, 2023/11/15, 12:10:17.785, 22662627282761, datacollector.dll, DataCollector: Monitoring parent process with id: '9364'
TpTrace Information: 0 : 37572, 1, 2023/11/15, 12:10:17.795, 22662627379667, datacollector.dll, Trying to connect to server on socket : 127.0.0.1:61402 
TpTrace Verbose: 0 : 37572, 1, 2023/11/15, 12:10:17.804, 22662627472684, datacollector.dll, SocketCommunicationManager : SetupClientAsync : Attempting to connect to the server.
TpTrace Information: 0 : 37572, 6, 2023/11/15, 12:10:17.821, 22662627645224, datacollector.dll, Connected to the server successfully 
TpTrace Information: 0 : 37572, 6, 2023/11/15, 12:10:17.821, 22662627647042, datacollector.dll, Using the buffer size of 16384 bytes
TpTrace Information: 0 : 37572, 1, 2023/11/15, 12:10:18.009, 22662629522164, datacollector.dll, DataCollector: Start Request Processing.
TpTrace Verbose: 0 : 37572, 1, 2023/11/15, 12:10:18.009, 22662629527890, datacollector.dll, SocketCommunicationManager.WaitForServerConnection took: 0 ms, with 90000 ms timeout, and finished with True.
TpTrace Information: 0 : 37572, 1, 2023/11/15, 12:10:18.011, 22662629547143, datacollector.dll, DataCollectionRequestHandler.ProcessRequests: Datacollector received message: (DataCollection.BeforeTestRunStart) -> {"MessageType":"DataCollection.BeforeTestRunStart","Payload":{"SettingsXml":"<RunSettings><RunConfiguration><ResultsDirectory>C:\\Users\\33651\\Desktop\\.NET projects\\BrowseClimateTestProject\\bin\\Debug\\net6.0\\fine-code-coverage\\coverage-tool-output</ResultsDirectory><TargetPlatform>X64</TargetPlatform><TargetFrameworkVersion>.NETCoreApp,Version=v6.0</TargetFrameworkVersion><DesignMode>False</DesignMode><CollectSourceInformation>False</CollectSourceInformation><TestAdaptersPaths>C:\\Program Files\\dotnet\\sdk\\7.0.304\\Extensions</TestAdaptersPaths></RunConfiguration><LoggerRunSettings><Loggers><Logger friendlyName=\"blame\" enabled=\"True\" /><Logger friendlyName=\"Console\" uri=\"logger://microsoft/TestPlatform/ConsoleLogger/v1\" assemblyQualifiedName=\"Microsoft.VisualStudio.TestPlatform.CommandLine.Internal.ConsoleLogger, vstest.console, Version=15.0.0.0, Culture=neutral, PublicKeyToken=b03f5f7f11d50a3a\" codeBase=\"C:\\Program Files\\dotnet\\sdk\\7.0.304\\vstest.console.dll\" enabled=\"True\" /></Loggers></LoggerRunSettings><DataCollectionRunSettings><DataCollectors><DataCollector friendlyName=\"blame\" enabled=\"True\"><Configuration><ResultsDirectory>C:\\Users\\33651\\Desktop\\.NET projects\\BrowseClimateTestProject\\bin\\Debug\\net6.0\\fine-code-coverage\\coverage-tool-output</ResultsDirectory></Configuration></DataCollector></DataCollectors></DataCollectionRunSettings></RunSettings>","Sources":["C:\\Users\\33651\\Desktop\\.NET projects\\BrowseClimateTestProject\\bin\\Debug\\net6.0\\fine-code-coverage\\build-output\\BrowseClimateTestProject.dll"],"IsTelemetryOptedIn":false}}
TpTrace Verbose: 0 : 37572, 1, 2023/11/15, 12:10:18.406, 22662633493832, datacollector.dll, TestPluginCache: Update extensions started. Skip filter = False
TpTrace Verbose: 0 : 37572, 1, 2023/11/15, 12:10:18.409, 22662633522379, datacollector.dll, TestPluginCache: Using directories for assembly resolution 'C:\Program Files\dotnet\sdk\7.0.304\Extensions'.
TpTrace Verbose: 0 : 37572, 1, 2023/11/15, 12:10:18.409, 22662633525912, datacollector.dll, TestPluginCache: Updated the available extensions to 'C:\Program Files\dotnet\sdk\7.0.304\Extensions\Microsoft.TestPlatform.Extensions.BlameDataCollector.dll,C:\Program Files\dotnet\sdk\7.0.304\Extensions\Microsoft.TestPlatform.Extensions.EventLogCollector.dll'.
TpTrace Verbose: 0 : 37572, 1, 2023/11/15, 12:10:18.454, 22662633975320, datacollector.dll, TestPluginCache.DiscoverTestExtensions: finding test extensions in assemblies ends with: Collector.dll TPluginInfo: Microsoft.VisualStudio.TestPlatform.Common.DataCollector.DataCollectorConfig TExtension: Microsoft.VisualStudio.TestPlatform.ObjectModel.DataCollection.DataCollector
TpTrace Verbose: 0 : 37572, 1, 2023/11/15, 12:10:18.460, 22662634036204, datacollector.dll, TestPluginCache.GetExtensionPaths: Filtered extension paths: C:\Program Files\dotnet\sdk\7.0.304\Extensions\Microsoft.TestPlatform.Extensions.BlameDataCollector.dll
C:\Program Files\dotnet\sdk\7.0.304\Extensions\Microsoft.TestPlatform.Extensions.EventLogCollector.dll
TpTrace Verbose: 0 : 37572, 1, 2023/11/15, 12:10:18.460, 22662634038153, datacollector.dll, TestPluginCache.GetExtensionPaths: Added default extension paths: 
TpTrace Verbose: 0 : 37572, 1, 2023/11/15, 12:10:18.460, 22662634038872, datacollector.dll, TestPluginCache.GetExtensionPaths: Added unfilterableExtensionPaths: 
TpTrace Information: 0 : 37572, 1, 2023/11/15, 12:10:18.462, 22662634054280, datacollector.dll, AssemblyResolver.ctor: Creating AssemblyResolver with searchDirectories C:\Program Files\dotnet\sdk\7.0.304\Extensions,C:\Program Files\dotnet\sdk\7.0.304
TpTrace Verbose: 0 : 37572, 1, 2023/11/15, 12:10:18.464, 22662634078657, datacollector.dll, TestPluginCache.DiscoverTestExtensions: Discovering the extensions using extension path.
TpTrace Verbose: 0 : 37572, 1, 2023/11/15, 12:10:18.465, 22662634083711, datacollector.dll, TestPluginCache.GetExtensionPaths: Filtered extension paths: C:\Program Files\dotnet\sdk\7.0.304\Extensions\Microsoft.TestPlatform.Extensions.BlameDataCollector.dll
C:\Program Files\dotnet\sdk\7.0.304\Extensions\Microsoft.TestPlatform.Extensions.EventLogCollector.dll
TpTrace Verbose: 0 : 37572, 1, 2023/11/15, 12:10:18.465, 22662634085436, datacollector.dll, TestPluginCache.GetExtensionPaths: Added default extension paths: 
TpTrace Verbose: 0 : 37572, 1, 2023/11/15, 12:10:18.465, 22662634086045, datacollector.dll, TestPluginCache.GetExtensionPaths: Added unfilterableExtensionPaths: 
TpTrace Verbose: 0 : 37572, 1, 2023/11/15, 12:10:18.465, 22662634087457, datacollector.dll, TestPluginCache.DiscoverTestExtensions: Discovering the extensions using allExtensionPaths: C:\Program Files\dotnet\sdk\7.0.304\Extensions\Microsoft.TestPlatform.Extensions.BlameDataCollector.dll
C:\Program Files\dotnet\sdk\7.0.304\Extensions\Microsoft.TestPlatform.Extensions.EventLogCollector.dll
TpTrace Information: 0 : 37572, 1, 2023/11/15, 12:10:18.466, 22662634090852, datacollector.dll, AssemblyResolver.AddSearchDirectories: Adding more searchDirectories C:\Program Files\dotnet\sdk\7.0.304\Extensions,C:\Program Files\dotnet\sdk\7.0.304
TpTrace Information: 0 : 37572, 1, 2023/11/15, 12:10:18.466, 22662634093395, datacollector.dll, AssemblyResolver.AddSearchDirectories: Adding more searchDirectories C:\Program Files\dotnet\sdk\7.0.304\Extensions,C:\Program Files\dotnet\sdk\7.0.304
TpTrace Information: 0 : 37572, 1, 2023/11/15, 12:10:18.467, 22662634103471, datacollector.dll, AssemblyResolver.OnResolve: Microsoft.TestPlatform.Extensions.BlameDataCollector: Resolving assembly.
TpTrace Information: 0 : 37572, 1, 2023/11/15, 12:10:18.467, 22662634107293, datacollector.dll, AssemblyResolver.OnResolve: Microsoft.TestPlatform.Extensions.BlameDataCollector: Searching in: 'C:\Program Files\dotnet\sdk\7.0.304\Extensions'.
TpTrace Information: 0 : 37572, 1, 2023/11/15, 12:10:18.490, 22662634329582, datacollector.dll, AssemblyResolver.OnResolve: Microsoft.TestPlatform.Extensions.BlameDataCollector: Loading assembly 'C:\Program Files\dotnet\sdk\7.0.304\Extensions\Microsoft.TestPlatform.Extensions.BlameDataCollector.dll'.
TpTrace Information: 0 : 37572, 1, 2023/11/15, 12:10:18.491, 22662634348608, datacollector.dll, AssemblyResolver.OnResolve: Resolved assembly: Microsoft.TestPlatform.Extensions.BlameDataCollector, from path: C:\Program Files\dotnet\sdk\7.0.304\Extensions\Microsoft.TestPlatform.Extensions.BlameDataCollector.dll
TpTrace Verbose: 0 : 37572, 1, 2023/11/15, 12:10:18.495, 22662634379786, datacollector.dll, MetadataReaderExtensionsHelper: Discovering extensions inside assembly 'Microsoft.TestPlatform.Extensions.BlameDataCollector, Version=15.0.0.0, Culture=neutral, PublicKeyToken=b03f5f7f11d50a3a' file path 'C:\Program Files\dotnet\sdk\7.0.304\Extensions\Microsoft.TestPlatform.Extensions.BlameDataCollector.dll'
TpTrace Error: 0 : 37572, 1, 2023/11/15, 12:10:18.501, 22662634442625, datacollector.dll, The type "Microsoft.TestPlatform.Extensions.BlameDataCollector.BlameCollector" defined in "Microsoft.TestPlatform.Extensions.BlameDataCollector.dll" does not have ExtensionUri attribute.
TpTrace Information: 0 : 37572, 1, 2023/11/15, 12:10:18.503, 22662634459623, datacollector.dll, GetTestExtensionFromType: Register extension with identifier data 'datacollector://microsoft/TestPlatform/Extensions/Blame/v1' and type 'Microsoft.TestPlatform.Extensions.BlameDataCollector.BlameCollector, Microsoft.TestPlatform.Extensions.BlameDataCollector, Version=15.0.0.0, Culture=neutral, PublicKeyToken=b03f5f7f11d50a3a' inside file 'C:\Program Files\dotnet\sdk\7.0.304\Extensions\Microsoft.TestPlatform.Extensions.BlameDataCollector.dll'
TpTrace Information: 0 : 37572, 1, 2023/11/15, 12:10:18.503, 22662634462020, datacollector.dll, AssemblyResolver.OnResolve: Microsoft.TestPlatform.Extensions.EventLogCollector: Resolving assembly.
TpTrace Information: 0 : 37572, 1, 2023/11/15, 12:10:18.503, 22662634462922, datacollector.dll, AssemblyResolver.OnResolve: Microsoft.TestPlatform.Extensions.EventLogCollector: Searching in: 'C:\Program Files\dotnet\sdk\7.0.304\Extensions'.
TpTrace Information: 0 : 37572, 1, 2023/11/15, 12:10:18.505, 22662634481630, datacollector.dll, AssemblyResolver.OnResolve: Microsoft.TestPlatform.Extensions.EventLogCollector: Loading assembly 'C:\Program Files\dotnet\sdk\7.0.304\Extensions\Microsoft.TestPlatform.Extensions.EventLogCollector.dll'.
TpTrace Information: 0 : 37572, 1, 2023/11/15, 12:10:18.506, 22662634494463, datacollector.dll, AssemblyResolver.OnResolve: Resolved assembly: Microsoft.TestPlatform.Extensions.EventLogCollector, from path: C:\Program Files\dotnet\sdk\7.0.304\Extensions\Microsoft.TestPlatform.Extensions.EventLogCollector.dll
TpTrace Verbose: 0 : 37572, 1, 2023/11/15, 12:10:18.506, 22662634496459, datacollector.dll, MetadataReaderExtensionsHelper: Discovering extensions inside assembly 'Microsoft.TestPlatform.Extensions.EventLogCollector, Version=15.0.0.0, Culture=neutral, PublicKeyToken=b03f5f7f11d50a3a' file path 'C:\Program Files\dotnet\sdk\7.0.304\Extensions\Microsoft.TestPlatform.Extensions.EventLogCollector.dll'
TpTrace Error: 0 : 37572, 1, 2023/11/15, 12:10:18.513, 22662634559634, datacollector.dll, The type "Microsoft.TestPlatform.Extensions.EventLogCollector.EventLogDataCollector" defined in "Microsoft.TestPlatform.Extensions.EventLogCollector.dll" does not have ExtensionUri attribute.
TpTrace Information: 0 : 37572, 1, 2023/11/15, 12:10:18.513, 22662634563081, datacollector.dll, GetTestExtensionFromType: Register extension with identifier data 'datacollector://microsoft/EventLog/2.0' and type 'Microsoft.TestPlatform.Extensions.EventLogCollector.EventLogDataCollector, Microsoft.TestPlatform.Extensions.EventLogCollector, Version=15.0.0.0, Culture=neutral, PublicKeyToken=b03f5f7f11d50a3a' inside file 'C:\Program Files\dotnet\sdk\7.0.304\Extensions\Microsoft.TestPlatform.Extensions.EventLogCollector.dll'
TpTrace Verbose: 0 : 37572, 1, 2023/11/15, 12:10:18.514, 22662634571043, datacollector.dll, TestPluginCache: Discovered the extensions using extension path 'C:\Program Files\dotnet\sdk\7.0.304\Extensions\Microsoft.TestPlatform.Extensions.BlameDataCollector.dll,C:\Program Files\dotnet\sdk\7.0.304\Extensions\Microsoft.TestPlatform.Extensions.EventLogCollector.dll'.
TpTrace Verbose: 0 : 37572, 1, 2023/11/15, 12:10:18.514, 22662634574456, datacollector.dll, TestPluginCache: Discoverers are ''.
TpTrace Verbose: 0 : 37572, 1, 2023/11/15, 12:10:18.514, 22662634575208, datacollector.dll, TestPluginCache: Executors are ''.
TpTrace Verbose: 0 : 37572, 1, 2023/11/15, 12:10:18.514, 22662634575753, datacollector.dll, TestPluginCache: Executors2 are ''.
TpTrace Verbose: 0 : 37572, 1, 2023/11/15, 12:10:18.514, 22662634576339, datacollector.dll, TestPluginCache: Setting providers are ''.
TpTrace Verbose: 0 : 37572, 1, 2023/11/15, 12:10:18.514, 22662634576793, datacollector.dll, TestPluginCache: Loggers are ''.
TpTrace Verbose: 0 : 37572, 1, 2023/11/15, 12:10:18.514, 22662634577169, datacollector.dll, TestPluginCache: TestHosts are ''.
TpTrace Verbose: 0 : 37572, 1, 2023/11/15, 12:10:18.514, 22662634578828, datacollector.dll, TestPluginCache: DataCollectors are 'datacollector://microsoft/TestPlatform/Extensions/Blame/v1,datacollector://microsoft/EventLog/2.0'.
TpTrace Information: 0 : 37572, 1, 2023/11/15, 12:10:18.518, 22662634612604, datacollector.dll, TestPluginManager.CreateTestExtension: Attempting to load test extension: Microsoft.TestPlatform.Extensions.BlameDataCollector.BlameCollector
TpTrace Information: 0 : 37572, 1, 2023/11/15, 12:10:18.529, 22662634723912, datacollector.dll, [MonitorPostmortemDump]Monitor enabled: 'False'
TpTrace Verbose: 0 : 37572, 1, 2023/11/15, 12:10:18.530, 22662634738513, datacollector.dll, MulticastDelegateUtilities.SafeInvoke: DataCollectionEvents.SessionStart: Invoking callbacks was skipped because there are no subscribers.
TpTrace Information: 0 : 37572, 1, 2023/11/15, 12:10:18.531, 22662634747512, datacollector.dll, Listening on Endpoint : 127.0.0.1:61406
TpTrace Information: 0 : 37572, 1, 2023/11/15, 12:10:18.558, 22662635015807, datacollector.dll, DataCollectionRequestHandler.ProcessRequests : DataCollection started.
TpTrace Information: 0 : 37572, 1, 2023/11/15, 12:10:18.599, 22662635427395, datacollector.dll, DataCollectionRequestHandler.ProcessRequests: Datacollector received message: (DataCollection.TestHostLaunched) -> {"MessageType":"DataCollection.TestHostLaunched","Payload":{"ProcessId":18320}}
TpTrace Verbose: 0 : 37572, 1, 2023/11/15, 12:10:18.604, 22662635471078, datacollector.dll, MulticastDelegateUtilities.SafeInvoke: DataCollectionEvents.TestHostLaunched: Invoking callback 1/1 for Microsoft.TestPlatform.Extensions.BlameDataCollector.BlameCollector., took 0 ms.
TpTrace Verbose: 0 : 37572, 6, 2023/11/15, 12:10:19.605, 22662645481202, datacollector.dll, SocketCommunicationManager.WaitForClientConnection took: 1060 ms, with 90000 ms timeout, and finished with True.
TpTrace Information: 0 : 37572, 8, 2023/11/15, 12:10:19.608, 22662645513120, datacollector.dll, Using the buffer size of 16384 bytes
TpTrace Information: 0 : 37572, 8, 2023/11/15, 12:10:19.616, 22662645597469, datacollector.dll, Accepted Client request and set the flag
TpTrace Information: 0 : 37572, 6, 2023/11/15, 12:10:23.526, 22662684694491, datacollector.dll, DataCollectionTestCaseEventHandler: Test case starting.
TpTrace Information: 0 : 37572, 6, 2023/11/15, 12:10:23.567, 22662685102057, datacollector.dll, BlameCollector.EventsTestCaseStart: Test Case Start
TpTrace Verbose: 0 : 37572, 6, 2023/11/15, 12:10:23.568, 22662685110263, datacollector.dll, MulticastDelegateUtilities.SafeInvoke: DataCollectionEvents.TestCaseStart: Invoking callback 1/1 for Microsoft.TestPlatform.Extensions.BlameDataCollector.BlameCollector., took 1 ms.
TpTrace Information: 0 : 37572, 6, 2023/11/15, 12:10:23.568, 22662685117169, datacollector.dll, DataCollectionTestCaseEventHandler: Test case 'BrowseClimateTestProject.UserServicesTest.UserServiceTest.CreateUser_ThrowsErrorIfInvalidPseudo - ed5c88bb-2398-fa05-4c68-d4970f2d7443' started.
TpTrace Information: 0 : 37572, 6, 2023/11/15, 12:10:23.570, 22662685136832, datacollector.dll, DataCollectionTestCaseEventHandler: Test case starting.
TpTrace Information: 0 : 37572, 6, 2023/11/15, 12:10:23.574, 22662685173077, datacollector.dll, BlameCollector.EventsTestCaseStart: Test Case Start
TpTrace Verbose: 0 : 37572, 6, 2023/11/15, 12:10:23.574, 22662685175923, datacollector.dll, MulticastDelegateUtilities.SafeInvoke: DataCollectionEvents.TestCaseStart: Invoking callback 1/1 for Microsoft.TestPlatform.Extensions.BlameDataCollector.BlameCollector., took 0 ms.
TpTrace Information: 0 : 37572, 6, 2023/11/15, 12:10:23.575, 22662685182779, datacollector.dll, DataCollectionTestCaseEventHandler: Test case 'BrowseClimateTestProject.CityServiceTests.CityServiceTest.CreateCity_ThrowsErrorIfInvalidField - 19ae975d-0c0d-78d8-281e-347c1a9e94a7' started.
TpTrace Information: 0 : 37572, 6, 2023/11/15, 12:10:23.576, 22662685194020, datacollector.dll, DataCollectionTestCaseEventHandler: Test case starting.
TpTrace Information: 0 : 37572, 6, 2023/11/15, 12:10:23.577, 22662685206920, datacollector.dll, BlameCollector.EventsTestCaseStart: Test Case Start
TpTrace Verbose: 0 : 37572, 6, 2023/11/15, 12:10:23.577, 22662685208924, datacollector.dll, MulticastDelegateUtilities.SafeInvoke: DataCollectionEvents.TestCaseStart: Invoking callback 1/1 for Microsoft.TestPlatform.Extensions.BlameDataCollector.BlameCollector., took 0 ms.
TpTrace Information: 0 : 37572, 6, 2023/11/15, 12:10:23.578, 22662685211764, datacollector.dll, DataCollectionTestCaseEventHandler: Test case 'BrowseClimateTestProject.ArticleServiceTests.ArticleServiceTest.CreateArticle_ThrowsErrorIfEmptyFields - 7fe3a0ce-e4e7-9ce4-6a05-9d7503d2c185' started.
TpTrace Information: 0 : 37572, 6, 2023/11/15, 12:10:23.669, 22662686128468, datacollector.dll, DataCollectionTestCaseEventHandler: Test case completing.
TpTrace Information: 0 : 37572, 6, 2023/11/15, 12:10:23.681, 22662686243048, datacollector.dll, BlameCollector.EventsTestCaseEnd: Test Case End
TpTrace Verbose: 0 : 37572, 6, 2023/11/15, 12:10:23.682, 22662686250072, datacollector.dll, MulticastDelegateUtilities.SafeInvoke: DataCollectionEvents.TestCaseEnd: Invoking callback 1/1 for Microsoft.TestPlatform.Extensions.BlameDataCollector.BlameCollector., took 0 ms.
TpTrace Information: 0 : 37572, 6, 2023/11/15, 12:10:23.688, 22662686309662, datacollector.dll, DataCollectionTestCaseEventHandler: Test case 'BrowseClimateTestProject.ArticleServiceTests.ArticleServiceTest.CreateArticle_ThrowsErrorIfEmptyFields - 7fe3a0ce-e4e7-9ce4-6a05-9d7503d2c185' completed
TpTrace Information: 0 : 37572, 6, 2023/11/15, 12:10:23.708, 22662686513424, datacollector.dll, DataCollectionTestCaseEventHandler: Test case completing.
TpTrace Information: 0 : 37572, 6, 2023/11/15, 12:10:23.710, 22662686529708, datacollector.dll, BlameCollector.EventsTestCaseEnd: Test Case End
TpTrace Verbose: 0 : 37572, 6, 2023/11/15, 12:10:23.710, 22662686531624, datacollector.dll, MulticastDelegateUtilities.SafeInvoke: DataCollectionEvents.TestCaseEnd: Invoking callback 1/1 for Microsoft.TestPlatform.Extensions.BlameDataCollector.BlameCollector., took 0 ms.
TpTrace Information: 0 : 37572, 6, 2023/11/15, 12:10:23.710, 22662686535730, datacollector.dll, DataCollectionTestCaseEventHandler: Test case 'BrowseClimateTestProject.CityServiceTests.CityServiceTest.CreateCity_ThrowsErrorIfInvalidField - 19ae975d-0c0d-78d8-281e-347c1a9e94a7' completed
TpTrace Information: 0 : 37572, 6, 2023/11/15, 12:10:23.714, 22662686569590, datacollector.dll, DataCollectionTestCaseEventHandler: Test case starting.
TpTrace Information: 0 : 37572, 6, 2023/11/15, 12:10:23.715, 22662686583136, datacollector.dll, BlameCollector.EventsTestCaseStart: Test Case Start
TpTrace Verbose: 0 : 37572, 6, 2023/11/15, 12:10:23.715, 22662686588727, datacollector.dll, MulticastDelegateUtilities.SafeInvoke: DataCollectionEvents.TestCaseStart: Invoking callback 1/1 for Microsoft.TestPlatform.Extensions.BlameDataCollector.BlameCollector., took 0 ms.
TpTrace Information: 0 : 37572, 6, 2023/11/15, 12:10:23.716, 22662686591760, datacollector.dll, DataCollectionTestCaseEventHandler: Test case 'BrowseClimateTestProject.CityServiceTests.CityServiceTest.CreateCity_SuccessfullyCreateCity - b96003bf-a6a8-4182-9c06-e97e5b403edd' started.
TpTrace Information: 0 : 37572, 6, 2023/11/15, 12:10:23.716, 22662686599025, datacollector.dll, DataCollectionTestCaseEventHandler: Test case starting.
TpTrace Information: 0 : 37572, 6, 2023/11/15, 12:10:23.718, 22662686614984, datacollector.dll, BlameCollector.EventsTestCaseStart: Test Case Start
TpTrace Verbose: 0 : 37572, 6, 2023/11/15, 12:10:23.718, 22662686617549, datacollector.dll, MulticastDelegateUtilities.SafeInvoke: DataCollectionEvents.TestCaseStart: Invoking callback 1/1 for Microsoft.TestPlatform.Extensions.BlameDataCollector.BlameCollector., took 0 ms.
TpTrace Information: 0 : 37572, 6, 2023/11/15, 12:10:23.719, 22662686620942, datacollector.dll, DataCollectionTestCaseEventHandler: Test case 'BrowseClimateTestProject.ArticleServiceTests.ArticleServiceTest.CreateArticle_SuccessfullyCreateArticle - 1eb07c4c-ba9f-8924-c28b-de34e823595d' started.
TpTrace Information: 0 : 37572, 6, 2023/11/15, 12:10:23.720, 22662686631345, datacollector.dll, DataCollectionTestCaseEventHandler: Test case completing.
TpTrace Information: 0 : 37572, 6, 2023/11/15, 12:10:23.720, 22662686637912, datacollector.dll, BlameCollector.EventsTestCaseEnd: Test Case End
TpTrace Verbose: 0 : 37572, 6, 2023/11/15, 12:10:23.720, 22662686638966, datacollector.dll, MulticastDelegateUtilities.SafeInvoke: DataCollectionEvents.TestCaseEnd: Invoking callback 1/1 for Microsoft.TestPlatform.Extensions.BlameDataCollector.BlameCollector., took 0 ms.
TpTrace Information: 0 : 37572, 6, 2023/11/15, 12:10:23.721, 22662686640505, datacollector.dll, DataCollectionTestCaseEventHandler: Test case 'BrowseClimateTestProject.CityServiceTests.CityServiceTest.CreateCity_SuccessfullyCreateCity - b96003bf-a6a8-4182-9c06-e97e5b403edd' completed
TpTrace Information: 0 : 37572, 6, 2023/11/15, 12:10:23.722, 22662686655893, datacollector.dll, DataCollectionTestCaseEventHandler: Test case completing.
TpTrace Information: 0 : 37572, 6, 2023/11/15, 12:10:23.723, 22662686667860, datacollector.dll, BlameCollector.EventsTestCaseEnd: Test Case End
TpTrace Verbose: 0 : 37572, 6, 2023/11/15, 12:10:23.724, 22662686669670, datacollector.dll, MulticastDelegateUtilities.SafeInvoke: DataCollectionEvents.TestCaseEnd: Invoking callback 1/1 for Microsoft.TestPlatform.Extensions.BlameDataCollector.BlameCollector., took 0 ms.
TpTrace Information: 0 : 37572, 6, 2023/11/15, 12:10:23.724, 22662686672556, datacollector.dll, DataCollectionTestCaseEventHandler: Test case 'BrowseClimateTestProject.ArticleServiceTests.ArticleServiceTest.CreateArticle_SuccessfullyCreateArticle - 1eb07c4c-ba9f-8924-c28b-de34e823595d' completed
TpTrace Information: 0 : 37572, 6, 2023/11/15, 12:10:23.758, 22662687012364, datacollector.dll, DataCollectionTestCaseEventHandler: Test case completing.
TpTrace Information: 0 : 37572, 6, 2023/11/15, 12:10:23.759, 22662687025793, datacollector.dll, BlameCollector.EventsTestCaseEnd: Test Case End
TpTrace Verbose: 0 : 37572, 6, 2023/11/15, 12:10:23.759, 22662687028010, datacollector.dll, MulticastDelegateUtilities.SafeInvoke: DataCollectionEvents.TestCaseEnd: Invoking callback 1/1 for Microsoft.TestPlatform.Extensions.BlameDataCollector.BlameCollector., took 0 ms.
TpTrace Information: 0 : 37572, 6, 2023/11/15, 12:10:23.760, 22662687031343, datacollector.dll, DataCollectionTestCaseEventHandler: Test case 'BrowseClimateTestProject.UserServicesTest.UserServiceTest.CreateUser_ThrowsErrorIfInvalidPseudo - ed5c88bb-2398-fa05-4c68-d4970f2d7443' completed
TpTrace Information: 0 : 37572, 6, 2023/11/15, 12:10:23.762, 22662687054438, datacollector.dll, DataCollectionTestCaseEventHandler: Test case starting.
TpTrace Information: 0 : 37572, 6, 2023/11/15, 12:10:23.763, 22662687060762, datacollector.dll, BlameCollector.EventsTestCaseStart: Test Case Start
TpTrace Verbose: 0 : 37572, 6, 2023/11/15, 12:10:23.763, 22662687061993, datacollector.dll, MulticastDelegateUtilities.SafeInvoke: DataCollectionEvents.TestCaseStart: Invoking callback 1/1 for Microsoft.TestPlatform.Extensions.BlameDataCollector.BlameCollector., took 0 ms.
TpTrace Information: 0 : 37572, 6, 2023/11/15, 12:10:23.763, 22662687063545, datacollector.dll, DataCollectionTestCaseEventHandler: Test case 'BrowseClimateTestProject.UserServicesTest.UserServiceTest.CreateUser_SuccessfullyCreateUser - d464bd6e-0495-a2e8-e1ff-50b84af1d69e' started.
TpTrace Information: 0 : 37572, 6, 2023/11/15, 12:10:23.768, 22662687119003, datacollector.dll, DataCollectionTestCaseEventHandler: Test case completing.
TpTrace Information: 0 : 37572, 6, 2023/11/15, 12:10:23.769, 22662687124698, datacollector.dll, BlameCollector.EventsTestCaseEnd: Test Case End
TpTrace Verbose: 0 : 37572, 6, 2023/11/15, 12:10:23.769, 22662687125518, datacollector.dll, MulticastDelegateUtilities.SafeInvoke: DataCollectionEvents.TestCaseEnd: Invoking callback 1/1 for Microsoft.TestPlatform.Extensions.BlameDataCollector.BlameCollector., took 0 ms.
TpTrace Information: 0 : 37572, 6, 2023/11/15, 12:10:23.769, 22662687126963, datacollector.dll, DataCollectionTestCaseEventHandler: Test case 'BrowseClimateTestProject.UserServicesTest.UserServiceTest.CreateUser_SuccessfullyCreateUser - d464bd6e-0495-a2e8-e1ff-50b84af1d69e' completed
TpTrace Information: 0 : 37572, 6, 2023/11/15, 12:10:23.771, 22662687139951, datacollector.dll, DataCollectionTestCaseEventHandler: Test case starting.
TpTrace Information: 0 : 37572, 6, 2023/11/15, 12:10:23.771, 22662687145339, datacollector.dll, BlameCollector.EventsTestCaseStart: Test Case Start
TpTrace Verbose: 0 : 37572, 6, 2023/11/15, 12:10:23.771, 22662687146428, datacollector.dll, MulticastDelegateUtilities.SafeInvoke: DataCollectionEvents.TestCaseStart: Invoking callback 1/1 for Microsoft.TestPlatform.Extensions.BlameDataCollector.BlameCollector., took 0 ms.
TpTrace Information: 0 : 37572, 6, 2023/11/15, 12:10:23.771, 22662687147971, datacollector.dll, DataCollectionTestCaseEventHandler: Test case 'BrowseClimateTestProject.UserServicesTest.UserServiceTest.CreateUser_ThrowsErrorIfInvalidPassword - 885f1feb-44b0-f630-5738-9be8d5f0a2a3' started.
TpTrace Information: 0 : 37572, 6, 2023/11/15, 12:10:23.773, 22662687159714, datacollector.dll, DataCollectionTestCaseEventHandler: Test case completing.
TpTrace Information: 0 : 37572, 6, 2023/11/15, 12:10:23.774, 22662687171350, datacollector.dll, BlameCollector.EventsTestCaseEnd: Test Case End
TpTrace Verbose: 0 : 37572, 6, 2023/11/15, 12:10:23.774, 22662687173193, datacollector.dll, MulticastDelegateUtilities.SafeInvoke: DataCollectionEvents.TestCaseEnd: Invoking callback 1/1 for Microsoft.TestPlatform.Extensions.BlameDataCollector.BlameCollector., took 0 ms.
TpTrace Information: 0 : 37572, 6, 2023/11/15, 12:10:23.774, 22662687175737, datacollector.dll, DataCollectionTestCaseEventHandler: Test case 'BrowseClimateTestProject.UserServicesTest.UserServiceTest.CreateUser_ThrowsErrorIfInvalidPassword - 885f1feb-44b0-f630-5738-9be8d5f0a2a3' completed
TpTrace Information: 0 : 37572, 6, 2023/11/15, 12:10:23.783, 22662687262282, datacollector.dll, DataCollectionTestCaseEventHandler: Test session ended
TpTrace Information: 0 : 37572, 1, 2023/11/15, 12:10:23.980, 22662689231753, datacollector.dll, DataCollectionRequestHandler.ProcessRequests: Datacollector received message: (DataCollection.AfterTestRunEnd) -> {"MessageType":"DataCollection.AfterTestRunEnd","Payload":false}
TpTrace Information: 0 : 37572, 1, 2023/11/15, 12:10:23.982, 22662689253376, datacollector.dll, Blame Collector: Session End
TpTrace Information: 0 : 37572, 1, 2023/11/15, 12:10:23.982, 22662689255518, datacollector.dll, BlameCollector.CollectDumpAndAbortTesthost: Custom path to dump directory was provided via VSTEST_DUMP_PATH. Skipping attachment upload, the caller is responsible for collecting and uploading the dumps themselves.
TpTrace Verbose: 0 : 37572, 1, 2023/11/15, 12:10:23.982, 22662689257032, datacollector.dll, MulticastDelegateUtilities.SafeInvoke: DataCollectionEvents.SessionEnd: Invoking callback 1/1 for Microsoft.TestPlatform.Extensions.BlameDataCollector.BlameCollector., took 0 ms.
TpTrace Information: 0 : 37572, 1, 2023/11/15, 12:10:23.984, 22662689272497, datacollector.dll, DataCollectionManager.CleanupPlugins: CleanupPlugins called
TpTrace Verbose: 0 : 37572, 1, 2023/11/15, 12:10:23.984, 22662689274157, datacollector.dll, DataCollectionManager.CleanupPlugins: Cleaning up 1 plugins
TpTrace Verbose: 0 : 37572, 1, 2023/11/15, 12:10:23.984, 22662689277785, datacollector.dll, dataCollectorInfo.DisposeDataCollector: calling Dispose() on Microsoft.TestPlatform.Extensions.BlameDataCollector.BlameCollector
TpTrace Information: 0 : 37572, 1, 2023/11/15, 12:10:23.985, 22662689279554, datacollector.dll, DataCollectionManager.CleanupPlugins: CleanupPlugins finished
TpTrace Information: 0 : 37572, 1, 2023/11/15, 12:10:23.997, 22662689404825, datacollector.dll, DataCollectionRequestHandler.ProcessRequests : Session End message received from server. Closing the connection.
TpTrace Information: 0 : 37572, 1, 2023/11/15, 12:10:23.998, 22662689409890, datacollector.dll, Closing the connection !
TpTrace Information: 0 : 37572, 1, 2023/11/15, 12:10:23.998, 22662689411104, datacollector.dll, DataCollectionRequestHandler.ProcessRequests : DataCollection completed
TpTrace Information: 0 : 37572, 1, 2023/11/15, 12:10:23.998, 22662689411702, datacollector.dll, Program.Main: exiting datacollector process.
